\BOOKMARK [1][-]{Rfn.ACToR.parse.1}{\376\377\000A\000C\000T\000o\000R\000.\000p\000a\000r\000s\000e}{}% 1
\BOOKMARK [1][-]{Rfn.ACToR.parse.fillin.1}{\376\377\000A\000C\000T\000o\000R\000.\000p\000a\000r\000s\000e\000.\000f\000i\000l\000l\000i\000n}{}% 2
\BOOKMARK [1][-]{Rfn.dnt.check.1}{\376\377\000d\000n\000t\000.\000c\000h\000e\000c\000k}{}% 3
\BOOKMARK [1][-]{Rfn.driver.1}{\376\377\000d\000r\000i\000v\000e\000r}{}% 4
\BOOKMARK [1][-]{Rfn.extract.Rul.NHANES.1}{\376\377\000e\000x\000t\000r\000a\000c\000t\000\137\000N\000H\000A\000N\000E\000S}{}% 5
\BOOKMARK [1][-]{Rfn.pfas.for.mdh.1}{\376\377\000p\000f\000a\000s\000.\000f\000o\000r\000.\000m\000d\000h}{}% 6
\BOOKMARK [1][-]{Rfn.pfasBiomonitoringMerge.1}{\376\377\000p\000f\000a\000s\000B\000i\000o\000m\000o\000n\000i\000t\000o\000r\000i\000n\000g\000M\000e\000r\000g\000e}{}% 7
\BOOKMARK [1][-]{Rfn.pfasBiomonitoringOldNewMergeForFiltering.1}{\376\377\000p\000f\000a\000s\000B\000i\000o\000m\000o\000n\000i\000t\000o\000r\000i\000n\000g\000O\000l\000d\000N\000e\000w\000M\000e\000r\000g\000e\000F\000o\000r\000F\000i\000l\000t\000e\000r\000i\000n\000g}{}% 8
\BOOKMARK [1][-]{Rfn.pfasBiomonitoringOutliers.1}{\376\377\000p\000f\000a\000s\000B\000i\000o\000m\000o\000n\000i\000t\000o\000r\000i\000n\000g\000O\000u\000t\000l\000i\000e\000r\000s}{}% 9
\BOOKMARK [1][-]{Rfn.pfasBloodLevelxChainLength.1}{\376\377\000p\000f\000a\000s\000B\000l\000o\000o\000d\000L\000e\000v\000e\000l\000x\000C\000h\000a\000i\000n\000L\000e\000n\000g\000t\000h}{}% 10
\BOOKMARK [1][-]{Rfn.pfasBloodLevelxChainLengthGG.1}{\376\377\000p\000f\000a\000s\000B\000l\000o\000o\000d\000L\000e\000v\000e\000l\000x\000C\000h\000a\000i\000n\000L\000e\000n\000g\000t\000h\000G\000G}{}% 11
\BOOKMARK [1][-]{Rfn.pfasChemicalTable.1}{\376\377\000p\000f\000a\000s\000C\000h\000e\000m\000i\000c\000a\000l\000T\000a\000b\000l\000e}{}% 12
\BOOKMARK [1][-]{Rfn.pfasCorrrectedMOE.1}{\376\377\000p\000f\000a\000s\000C\000o\000r\000r\000r\000e\000c\000t\000e\000d\000M\000O\000E}{}% 13
\BOOKMARK [1][-]{Rfn.pfasCorrrectedMOE.noTK.1}{\376\377\000p\000f\000a\000s\000C\000o\000r\000r\000r\000e\000c\000t\000e\000d\000M\000O\000E\000.\000n\000o\000T\000K}{}% 14
\BOOKMARK [1][-]{Rfn.pfasHalfLife.1}{\376\377\000p\000f\000a\000s\000H\000a\000l\000f\000L\000i\000f\000e}{}% 15
\BOOKMARK [1][-]{Rfn.pfasInVitroVsRat.1}{\376\377\000p\000f\000a\000s\000I\000n\000V\000i\000t\000r\000o\000V\000s\000R\000a\000t}{}% 16
\BOOKMARK [1][-]{Rfn.pfasMoeBoxplot.1}{\376\377\000p\000f\000a\000s\000M\000o\000e\000B\000o\000x\000p\000l\000o\000t}{}% 17
\BOOKMARK [1][-]{Rfn.pfasPartitionCoefficients.1}{\376\377\000p\000f\000a\000s\000P\000a\000r\000t\000i\000t\000i\000o\000n\000C\000o\000e\000f\000f\000i\000c\000i\000e\000n\000t\000s}{}% 18
\BOOKMARK [1][-]{Rfn.pfasPerChemicalMoeBoxplot.1}{\376\377\000p\000f\000a\000s\000P\000e\000r\000C\000h\000e\000m\000i\000c\000a\000l\000M\000o\000e\000B\000o\000x\000p\000l\000o\000t}{}% 19
\BOOKMARK [1][-]{Rfn.pfasRawMoeBoxplotsGG.1}{\376\377\000p\000f\000a\000s\000R\000a\000w\000M\000o\000e\000B\000o\000x\000p\000l\000o\000t\000s\000G\000G}{}% 20
\BOOKMARK [1][-]{Rfn.printCurrentFunction.1}{\376\377\000p\000r\000i\000n\000t\000C\000u\000r\000r\000e\000n\000t\000F\000u\000n\000c\000t\000i\000o\000n}{}% 21
\BOOKMARK [0][-]{index.0}{\376\377\000I\000n\000d\000e\000x}{}% 22
